****************************************************************
  Sure Independence Screening and Sparsifying Operator (SISSO)  
             Version SISSO.3.2, September, 2022.                
****************************************************************

Read in data from train.dat.
Read in parameters from SISSO.in
Property type:     1
Number of tasks:        1
Descriptor dimension:        7
Number of samples for each task:       64
Restarts :  0
Number of scalar features:       50
Tier of the feature space:        2
Maximal feature complexity (number of operators in a feature):        3
Units of the input primary features (each represented by a vector): 
  1.00  0.00  0.00  0.00  0.00  0.00  0.00  0.00  0.00  0.00  0.00  0.00  0.00  0.00  0.00  0.00  0.00  0.00  0.00
  0.00  1.00  0.00  0.00  0.00  0.00  0.00  0.00  0.00  0.00  0.00  0.00  0.00  0.00  0.00  0.00  0.00  0.00  0.00
  0.00  0.00  1.00  0.00  0.00  0.00  0.00  0.00  0.00  0.00  0.00  0.00  0.00  0.00  0.00  0.00  0.00  0.00  0.00
  0.00  0.00  0.00  1.00  0.00  0.00  0.00  0.00  0.00  0.00  0.00  0.00  0.00  0.00  0.00  0.00  0.00  0.00  0.00
  0.00  0.00  0.00  0.00  1.00  0.00  0.00  0.00  0.00  0.00  0.00  0.00  0.00  0.00  0.00  0.00  0.00  0.00  0.00
  0.00  0.00  0.00  0.00  0.00  1.00  0.00  0.00  0.00  0.00  0.00  0.00  0.00  0.00  0.00  0.00  0.00  0.00  0.00
  0.00  0.00  0.00  0.00  0.00  1.00  0.00  0.00  0.00  0.00  0.00  0.00  0.00  0.00  0.00  0.00  0.00  0.00  0.00
  0.00  0.00  0.00  0.00  0.00  1.00  0.00  0.00  0.00  0.00  0.00  0.00  0.00  0.00  0.00  0.00  0.00  0.00  0.00
  0.00  0.00  0.00  0.00  0.00  1.00  0.00  0.00  0.00  0.00  0.00  0.00  0.00  0.00  0.00  0.00  0.00  0.00  0.00
  0.00  0.00  0.00  0.00  0.00  1.00  0.00  0.00  0.00  0.00  0.00  0.00  0.00  0.00  0.00  0.00  0.00  0.00  0.00
  0.00  0.00  0.00  0.00  0.00  1.00  0.00  0.00  0.00  0.00  0.00  0.00  0.00  0.00  0.00  0.00  0.00  0.00  0.00
  0.00  0.00  0.00  0.00  0.00  1.00  0.00  0.00  0.00  0.00  0.00  0.00  0.00  0.00  0.00  0.00  0.00  0.00  0.00
  0.00  0.00  0.00  0.00  0.00  1.00  0.00  0.00  0.00  0.00  0.00  0.00  0.00  0.00  0.00  0.00  0.00  0.00  0.00
  0.00  0.00  0.00  0.00  0.00  1.00  0.00  0.00  0.00  0.00  0.00  0.00  0.00  0.00  0.00  0.00  0.00  0.00  0.00
  0.00  0.00  0.00  0.00  0.00  1.00  0.00  0.00  0.00  0.00  0.00  0.00  0.00  0.00  0.00  0.00  0.00  0.00  0.00
  0.00  0.00  0.00  0.00  0.00  1.00  0.00  0.00  0.00  0.00  0.00  0.00  0.00  0.00  0.00  0.00  0.00  0.00  0.00
  0.00  0.00  0.00  0.00  0.00  0.00  1.00  0.00  0.00  0.00  0.00  0.00  0.00  0.00  0.00  0.00  0.00  0.00  0.00
  0.00  0.00  0.00  0.00  0.00  0.00  1.00  0.00  0.00  0.00  0.00  0.00  0.00  0.00  0.00  0.00  0.00  0.00  0.00
  0.00  0.00  0.00  0.00  0.00  0.00  1.00  0.00  0.00  0.00  0.00  0.00  0.00  0.00  0.00  0.00  0.00  0.00  0.00
  0.00  0.00  0.00  0.00  0.00  0.00  0.00  1.00  0.00  0.00  0.00  0.00  0.00  0.00  0.00  0.00  0.00  0.00  0.00
  0.00  0.00  0.00  0.00  0.00  0.00  0.00  1.00  0.00  0.00  0.00  0.00  0.00  0.00  0.00  0.00  0.00  0.00  0.00
  0.00  0.00  0.00  0.00  0.00  0.00  0.00  0.00  1.00  0.00  0.00  0.00  0.00  0.00  0.00  0.00  0.00  0.00  0.00
  0.00  0.00  0.00  0.00  0.00  0.00  0.00  0.00  1.00  0.00  0.00  0.00  0.00  0.00  0.00  0.00  0.00  0.00  0.00
  0.00  0.00  0.00  0.00  0.00  0.00  0.00  0.00  1.00  0.00  0.00  0.00  0.00  0.00  0.00  0.00  0.00  0.00  0.00
  0.00  0.00  0.00  0.00  0.00  0.00  0.00  0.00  0.00  1.00  0.00  0.00  0.00  0.00  0.00  0.00  0.00  0.00  0.00
  0.00  0.00  0.00  0.00  0.00  0.00  0.00  0.00  0.00  1.00  0.00  0.00  0.00  0.00  0.00  0.00  0.00  0.00  0.00
  0.00  0.00  0.00  0.00  0.00  0.00  0.00  0.00  0.00  0.00  1.00  0.00  0.00  0.00  0.00  0.00  0.00  0.00  0.00
  0.00  0.00  0.00  0.00  0.00  0.00  0.00  0.00  0.00  0.00  1.00  0.00  0.00  0.00  0.00  0.00  0.00  0.00  0.00
  0.00  0.00  0.00  0.00  0.00  0.00  0.00  0.00  0.00  0.00  1.00  0.00  0.00  0.00  0.00  0.00  0.00  0.00  0.00
  0.00  0.00  0.00  0.00  0.00  0.00  0.00  0.00  0.00  0.00  0.00  1.00  0.00  0.00  0.00  0.00  0.00  0.00  0.00
  0.00  0.00  0.00  0.00  0.00  0.00  0.00  0.00  0.00  0.00  0.00  1.00  0.00  0.00  0.00  0.00  0.00  0.00  0.00
  0.00  0.00  0.00  0.00  0.00  0.00  0.00  0.00  0.00  0.00  0.00  0.00  1.00  0.00  0.00  0.00  0.00  0.00  0.00
  0.00  0.00  0.00  0.00  0.00  0.00  0.00  0.00  0.00  0.00  0.00  0.00  1.00  0.00  0.00  0.00  0.00  0.00  0.00
  0.00  0.00  0.00  0.00  0.00  0.00  0.00  0.00  0.00  0.00  0.00  0.00  0.00  1.00  0.00  0.00  0.00  0.00  0.00
  0.00  0.00  0.00  0.00  0.00  0.00  0.00  0.00  0.00  0.00  0.00  0.00  0.00  1.00  0.00  0.00  0.00  0.00  0.00
  0.00  0.00  0.00  0.00  0.00  0.00  0.00  0.00  0.00  0.00  0.00  0.00  0.00  0.00  1.00  0.00  0.00  0.00  0.00
  0.00  0.00  0.00  0.00  0.00  0.00  0.00  0.00  0.00  0.00  0.00  0.00  0.00  0.00  1.00  0.00  0.00  0.00  0.00
  0.00  0.00  0.00  0.00  0.00  0.00  0.00  0.00  0.00  0.00  0.00  0.00  0.00  0.00  0.00  1.00  0.00  0.00  0.00
  0.00  0.00  0.00  0.00  0.00  0.00  0.00  0.00  0.00  0.00  0.00  0.00  0.00  0.00  0.00  1.00  0.00  0.00  0.00
  0.00  0.00  0.00  0.00  0.00  0.00  0.00  0.00  0.00  0.00  0.00  0.00  0.00  0.00  0.00  0.00  1.00  0.00  0.00
  0.00  0.00  0.00  0.00  0.00  0.00  0.00  0.00  0.00  0.00  0.00  0.00  0.00  0.00  0.00  0.00  1.00  0.00  0.00
  0.00  0.00  0.00  0.00  0.00  0.00  0.00  0.00  0.00  0.00  0.00  0.00  0.00  0.00  0.00  0.00  0.00  1.00  0.00
  0.00  0.00  0.00  0.00  0.00  0.00  0.00  0.00  0.00  0.00  0.00  0.00  0.00  0.00  0.00  0.00  0.00  1.00  0.00
  0.00  0.00  0.00  0.00  0.00  0.00  0.00  0.00  0.00  0.00  0.00  0.00  0.00  0.00  0.00  0.00  0.00  1.00  0.00
  0.00  0.00  0.00  0.00  0.00  0.00  0.00  0.00  0.00  0.00  0.00  0.00  0.00  0.00  0.00  0.00  0.00  0.00  1.00
  0.00  0.00  0.00  0.00  0.00  0.00  0.00  0.00  0.00  0.00  0.00  0.00  0.00  0.00  0.00  0.00  0.00  0.00  1.00
  0.00  0.00  0.00  0.00  0.00  0.00  0.00  0.00  0.00  0.00  0.00  0.00  0.00  0.00  0.00  0.00  0.00  0.00  1.00
  0.00  0.00  0.00  0.00  0.00  0.00  0.00  0.00  0.00  0.00  0.00  0.00  0.00  0.00  0.00  0.00  0.00  0.00  1.00
  0.00  0.00  0.00  0.00  0.00  0.00  0.00  0.00  0.00  0.00  0.00  0.00  0.00  0.00  0.00  0.00  0.00  0.00  1.00
  0.00  0.00  0.00  0.00  0.00  0.00  0.00  0.00  0.00  0.00  0.00  0.00  0.00  0.00  0.00  0.00  0.00  0.00  1.00
The feature will be discarded if the minimum of the maximal abs. value in it <    0.10000E-02
The faature will be discarded if the maximum of the maximal abs. value in it >     0.10000E+06
Size of the SIS-selected (single) subspace :       40      40      40      40      40      40      40
Operators for feature construction: (+)(-)(*)(/)(exp)(exp-)(^-1)(^2)(^3)(sqrt)(cbrt)(log)(|-|) (+)(-)(*)(/)(exp)(exp-)(^-1)(^2)(^3)(sqrt)(cbrt)(log)(|-|) 
Fitting intercept:      T
Metric for model selection: RMSE
Method for sparse regression:  L0        
Number of the top-ranked models to output:      100
--------------------------------------------------------------------------------

Dimension:   1
-------------------
Feature Construction (FC) starts ...
Population Standard Deviation (SD) of task 001:    0.23037
Total number of features in the space phi00:             50
Total number of features in the space phi01:           1937
Total number of features in the space phi02:        2660600
Size of the SIS-selected subspace from phi02:         40
Time (second) used for this FC:            9.01

Descriptor Identification (DI) starts ...
Total number of SIS-selected features from all iterations:         40
  1D descriptor (model): 
RMSE and MaxAE:   0.099074  0.218529
@@@descriptor: 
                      1:[cbrt((OF*X_Z))]
       coefficients_001:    -0.1243049476E+01
          Intercept_001:     0.8274336867E+00
         RMSE,MaxAE_001:     0.9907389309E-01    0.2185289558E+00
--------------------------------------------------------------------------------
Time (second) used for this DI:            0.14

Dimension:   2
-------------------
Feature Construction (FC) starts ...
Total number of features in the space phi00:             50
Total number of features in the space phi01:           1937
Total number of features in the space phi02:        2660600
Size of the SIS-selected subspace from phi02:         40
Time (second) used for this FC:            1.32

Descriptor Identification (DI) starts ...
Total number of SIS-selected features from all iterations:         80
  2D descriptor (model): 
RMSE and MaxAE:   0.061446  0.129640
@@@descriptor: 
                      2:[(exp(-X_EA)/(B_Ra+X_Ra))]
                      5:[((s_A+s_B)*cbrt(X_Ra))]
       coefficients_001:     0.2499360299E+00   -0.2586001654E+00
          Intercept_001:     0.3506516741E+00
         RMSE,MaxAE_001:     0.6144638912E-01    0.1296402358E+00
--------------------------------------------------------------------------------
Time (second) used for this DI:            0.16

Dimension:   3
-------------------
Feature Construction (FC) starts ...
Total number of features in the space phi00:             50
Total number of features in the space phi01:           1937
Total number of features in the space phi02:        2660600
Size of the SIS-selected subspace from phi02:         40
Time (second) used for this FC:            1.32

Descriptor Identification (DI) starts ...
Total number of SIS-selected features from all iterations:        120
  3D descriptor (model): 
RMSE and MaxAE:   0.049012  0.133893
@@@descriptor: 
                      2:[(exp(-X_EA)/(B_Ra+X_Ra))]
                      5:[((s_A+s_B)*cbrt(X_Ra))]
                    104:[((X_ChiA)^3*exp(A_Rho))]
       coefficients_001:     0.1976497143E+00   -0.3216352132E+00   -0.1149653658E+00
          Intercept_001:     0.4866269262E+00
         RMSE,MaxAE_001:     0.4901237983E-01    0.1338934435E+00
--------------------------------------------------------------------------------
Time (second) used for this DI:            0.15

Dimension:   4
-------------------
Feature Construction (FC) starts ...
Total number of features in the space phi00:             50
Total number of features in the space phi01:           1937
Total number of features in the space phi02:        2660600
Size of the SIS-selected subspace from phi02:         40
Time (second) used for this FC:            1.34

Descriptor Identification (DI) starts ...
Total number of SIS-selected features from all iterations:        160
  4D descriptor (model): 
RMSE and MaxAE:   0.041593  0.135730
@@@descriptor: 
                      2:[(exp(-X_EA)/(B_Ra+X_Ra))]
                      5:[((s_A+s_B)*cbrt(X_Ra))]
                     87:[((X_IEI)^2*(B_IEI*X_IEII))]
                    121:[((X_Ra-std_A2B)/(B_Kappa+X_Kappa))]
       coefficients_001:     0.2541324385E+00   -0.2740664031E+00   -0.1119952130E+01   -0.1609724865E-01
          Intercept_001:     0.4101314278E+00
         RMSE,MaxAE_001:     0.4159340241E-01    0.1357295248E+00
--------------------------------------------------------------------------------
Time (second) used for this DI:            0.88

Dimension:   5
-------------------
Feature Construction (FC) starts ...
Total number of features in the space phi00:             50
Total number of features in the space phi01:           1937
Total number of features in the space phi02:        2660600
Size of the SIS-selected subspace from phi02:         40
Time (second) used for this FC:            1.32

Descriptor Identification (DI) starts ...
Total number of SIS-selected features from all iterations:        200
  5D descriptor (model): 
RMSE and MaxAE:   0.037136  0.141206
@@@descriptor: 
                      2:[(exp(-X_EA)/(B_Ra+X_Ra))]
                      5:[((s_A+s_B)*cbrt(X_Ra))]
                     87:[((X_IEI)^2*(B_IEI*X_IEII))]
                    121:[((X_Ra-std_A2B)/(B_Kappa+X_Kappa))]
                    168:[((X_ChiA)^3*(A_ChiA*A_Rvdw))]
       coefficients_001:     0.2318117207E+00   -0.3031116265E+00   -0.1015945489E+01   -0.1519272960E-01   -0.7684382873E+00
          Intercept_001:     0.4645397804E+00
         RMSE,MaxAE_001:     0.3713572828E-01    0.1412055383E+00
--------------------------------------------------------------------------------
Time (second) used for this DI:           88.47

Dimension:   6
-------------------
Feature Construction (FC) starts ...
Total number of features in the space phi00:             50
Total number of features in the space phi01:           1937
Total number of features in the space phi02:        2660600
Size of the SIS-selected subspace from phi02:         40
Time (second) used for this FC:            1.32

Descriptor Identification (DI) starts ...
Total number of SIS-selected features from all iterations:        240
  6D descriptor (model): 
RMSE and MaxAE:   0.033033  0.124708
@@@descriptor: 
                      2:[(exp(-X_EA)/(B_Ra+X_Ra))]
                      5:[((s_A+s_B)*cbrt(X_Ra))]
                     92:[((X_ChiA)^3/exp(B_Kappa))]
                    128:[((A_Rvdw-std_A2B)/(B_Kappa+X_Kappa))]
                    158:[((A_Rho*B_CvM)*abs(B_Ra-A_Rvdw))]
                    170:[abs((A_Rvdw+std_A2X)-(std_B2X+mean_A2X))]
       coefficients_001:     0.2295478268E+00   -0.2967328329E+00   -0.1508849272E+00   -0.6530723336E-02   -0.7291369522E+01    0.1234103656E+00
          Intercept_001:     0.4284190444E+00
         RMSE,MaxAE_001:     0.3303320615E-01    0.1247079211E+00
--------------------------------------------------------------------------------
Time (second) used for this DI:        10239.19

Dimension:   7
-------------------
Feature Construction (FC) starts ...
Total number of features in the space phi00:             50
Total number of features in the space phi01:           1937
Total number of features in the space phi02:        2660600
Size of the SIS-selected subspace from phi02:         40
Time (second) used for this FC:            1.30

Descriptor Identification (DI) starts ...
Total number of SIS-selected features from all iterations:        280
